[+] Containers:
 |- [+] Container: /Game/FirstPerson/Maps/Blockout
 |   |- [+] ActorDescs:
 |   |   |- Guid:00BE264C4C4BD3D18B7BFA9E82910F3C BaseClass: NativeClass:/Script/Engine.ExponentialHeightFog Name:ExponentialHeightFog_0 Label:ExponentialHeightFog SpatiallyLoaded:0 Bounds:IsValid=true, Min=(X=-5600.000 Y=-50.000 Z=-6850.000), Max=(X=-5600.000 Y=-50.000 Z=-6850.000) RuntimeGrid:None EditorOnly:0 RuntimeOnly:0 HLODRelevant:0 FolderPath:Lighting FolderGuid:0BA5F0A04EADB18E70D5B180D08FA34B
 |   |   |- Guid:0B12F6234C20D456DA53B1A5F781E8B8 BaseClass: NativeClass:/Script/Engine.StaticMeshActor Name:StaticMeshActor_UAID_087190B6C9ABD54A01_1892203810 Label:Cube19 SpatiallyLoaded:1 Bounds:IsValid=true, Min=(X=6565.000 Y=1775.000 Z=0.063), Max=(X=6815.000 Y=3325.000 Z=775.063) RuntimeGrid:None EditorOnly:0 RuntimeOnly:0 HLODRelevant:1 FolderPath:MapaBlackout FolderGuid:E5BB936944CCA53D5FE816B463EE6509
 |   |   |- Guid:0F99D0B3416A424D0F3DECBDAEFEAC1A BaseClass: NativeClass:/Script/Engine.StaticMeshActor Name:StaticMeshActor_UAID_087190B6C9ABD54A01_1211322799 Label:Cube8 SpatiallyLoaded:1 Bounds:IsValid=true, Min=(X=5565.000 Y=3742.500 Z=0.063), Max=(X=5815.000 Y=5317.500 Z=775.063) RuntimeGrid:None EditorOnly:0 RuntimeOnly:0 HLODRelevant:1 FolderPath:MapaBlackout FolderGuid:E5BB936944CCA53D5FE816B463EE6509
 |   |   |- Guid:14FD1B744FC73077D69066BEC986F388 BaseClass: NativeClass:/Script/Engine.SkyLight Name:SkyLight_0 Label:SkyLight SpatiallyLoaded:0 Bounds:IsValid=true, Min=(X=0.000 Y=0.000 Z=690.000), Max=(X=0.000 Y=0.000 Z=690.000) RuntimeGrid:None EditorOnly:0 RuntimeOnly:0 HLODRelevant:0 FolderPath:Lighting FolderGuid:0BA5F0A04EADB18E70D5B180D08FA34B
 |   |   |- Guid:200831364ACF0A3AB0FDDF975E7263B1 BaseClass: NativeClass:/Script/Engine.DirectionalLight Name:DirectionalLight_1 Label:DirectionalLight SpatiallyLoaded:0 Bounds:IsValid=true, Min=(X=-1048576.000 Y=-1048576.000 Z=-1048576.000), Max=(X=1048576.000 Y=1048576.000 Z=1048576.000) RuntimeGrid:None EditorOnly:0 RuntimeOnly:0 HLODRelevant:0 FolderPath:Lighting FolderGuid:0BA5F0A04EADB18E70D5B180D08FA34B
 |   |   |- Guid:27C30FB84F110D6C3E2A2B98EFB91B02 BaseClass: NativeClass:/Script/Engine.SkyAtmosphere Name:SkyAtmosphere_0 Label:SkyAtmosphere SpatiallyLoaded:0 Bounds:IsValid=true, Min=(X=0.000 Y=0.000 Z=1020.000), Max=(X=0.000 Y=0.000 Z=1020.000) RuntimeGrid:None EditorOnly:0 RuntimeOnly:0 HLODRelevant:0 FolderPath:Lighting FolderGuid:0BA5F0A04EADB18E70D5B180D08FA34B
 |   |   |- Guid:2E78235646446ED3564E1980658A0E79 BaseClass: NativeClass:/Script/Engine.WorldDataLayers Name:WorldDataLayers Label:WorldDataLayers-1 SpatiallyLoaded:0 Bounds:IsValid=true, Min=(X=0.000 Y=0.000 Z=0.000), Max=(X=0.000 Y=0.000 Z=0.000) RuntimeGrid:None EditorOnly:0 RuntimeOnly:0 HLODRelevant:0
 |   |   |- Guid:2EE853C440833A9647D21C82BC62F770 BaseClass: NativeClass:/Script/Engine.StaticMeshActor Name:StaticMeshActor_UAID_087190B6C9ABD24A01_1921398267 Label:Cube4 SpatiallyLoaded:1 Bounds:IsValid=true, Min=(X=1472.500 Y=4157.500 Z=0.063), Max=(X=3047.500 Y=4382.500 Z=775.063) RuntimeGrid:None EditorOnly:0 RuntimeOnly:0 HLODRelevant:1 FolderPath:MapaBlackout FolderGuid:E5BB936944CCA53D5FE816B463EE6509
 |   |   |- Guid:3617D56F4C7ED219E4A1DC84C9C7D604 BaseClass: NativeClass:/Script/Engine.StaticMeshActor Name:StaticMeshActor_UAID_D8BBC18A3DDACE5001_1794117895 Label:house_top_3 SpatiallyLoaded:1 Bounds:IsValid=true, Min=(X=5349.532 Y=4848.536 Z=-50.000), Max=(X=5983.282 Y=5426.266 Z=1555.328) RuntimeGrid:None EditorOnly:0 RuntimeOnly:0 HLODRelevant:1 FolderPath:MapHouses FolderGuid:1BF39EEA4B46D5DC32BF48BE75419982
 |   |   |- Guid:3712FFA8442229FA7B023DA7C6DD30E5 BaseClass: NativeClass:/Script/Engine.StaticMeshActor Name:StaticMeshActor_UAID_087190B6C9ABD54A01_2118516812 Label:Cube21 SpatiallyLoaded:1 Bounds:IsValid=true, Min=(X=5720.000 Y=3815.000 Z=0.063), Max=(X=6520.000 Y=4065.000 Z=775.063) RuntimeGrid:None EditorOnly:0 RuntimeOnly:0 HLODRelevant:1 FolderPath:MapaBlackout FolderGuid:E5BB936944CCA53D5FE816B463EE6509
 |   |   |- Guid:3BC48C34458BEED792D6E68AB5514F50 BaseClass: NativeClass:/Script/Engine.StaticMeshActor Name:StaticMeshActor_UAID_087190B6C9ABD24A01_1929818268 Label:Cube5 SpatiallyLoaded:1 Bounds:IsValid=true, Min=(X=1302.500 Y=2680.000 Z=0.063), Max=(X=1577.500 Y=4380.000 Z=775.063) RuntimeGrid:None EditorOnly:0 RuntimeOnly:0 HLODRelevant:1 FolderPath:MapaBlackout FolderGuid:E5BB936944CCA53D5FE816B463EE6509
 |   |   |- Guid:446D96454895ED34875A868FD903EAC5 BaseClass: NativeClass:/Script/Engine.StaticMeshActor Name:StaticMeshActor_UAID_087190B6C9ABD54A01_1854582808 Label:Cube17 SpatiallyLoaded:1 Bounds:IsValid=true, Min=(X=5040.000 Y=1075.000 Z=0.063), Max=(X=5840.000 Y=1325.000 Z=775.063) RuntimeGrid:None EditorOnly:0 RuntimeOnly:0 HLODRelevant:1 FolderPath:MapaBlackout FolderGuid:E5BB936944CCA53D5FE816B463EE6509
 |   |   |- Guid:49CA16A54B2F5B33F51573BD50D22B0F BaseClass: NativeClass:/Script/Engine.StaticMeshActor Name:StaticMeshActor_UAID_D8BBC18A3DDACF5001_1170898074 Label:house_2 SpatiallyLoaded:1 Bounds:IsValid=true, Min=(X=5156.099 Y=1934.555 Z=-0.000), Max=(X=6106.099 Y=2451.154 Z=515.863) RuntimeGrid:None EditorOnly:0 RuntimeOnly:0 HLODRelevant:1 FolderPath:MapHouses FolderGuid:1BF39EEA4B46D5DC32BF48BE75419982
 |   |   |- Guid:4A6DF13747077FE738A1C898DEFABBC5 BaseClass: NativeClass:/Script/Engine.StaticMeshActor Name:StaticMeshActor_UAID_A4AE111137DC5EFB00_2001720423 Label:SM_SkySphere SpatiallyLoaded:1 Bounds:IsValid=true, Min=(X=-1638400.000 Y=-1638400.000 Z=-1638400.000), Max=(X=1638400.000 Y=1638400.000 Z=1638400.000) RuntimeGrid:None EditorOnly:0 RuntimeOnly:0 HLODRelevant:1 FolderPath:Lighting FolderGuid:0BA5F0A04EADB18E70D5B180D08FA34B
 |   |   |- Guid:530A3ADC48143063117B1EA455B686D1 BaseClass: NativeClass:/Script/Engine.StaticMeshActor Name:StaticMeshActor_0 Label:SM_Cube SpatiallyLoaded:1 Bounds:IsValid=true, Min=(X=0.000 Y=0.000 Z=-50.000), Max=(X=8800.000 Y=7625.000 Z=0.000) RuntimeGrid:None EditorOnly:0 RuntimeOnly:0 HLODRelevant:1 FolderPath:Playground FolderGuid:6C02BB504B69D1F3D7A624B130C18E5B
 |   |   |- Guid:587509064E09CC51D52285B5C23C7C99 BaseClass: NativeClass:/Script/Engine.StaticMeshActor Name:StaticMeshActor_UAID_087190B6C9ABD04A01_1217211911 Label:blockout2 SpatiallyLoaded:1 Bounds:IsValid=true, Min=(X=1325.437 Y=936.633 Z=-1800.000), Max=(X=7450.273 Y=5349.342 Z=-1375.000) RuntimeGrid:None EditorOnly:0 RuntimeOnly:0 HLODRelevant:1 FolderPath:MapHouses FolderGuid:1BF39EEA4B46D5DC32BF48BE75419982
 |   |   |- Guid:58B14FFE4895A5398A6EB3AF46EADCA1 BaseClass: NativeClass:/Script/Engine.StaticMeshActor Name:StaticMeshActor_UAID_087190B6C9ABD54A01_2064752811 Label:Cube20 SpatiallyLoaded:1 Bounds:IsValid=true, Min=(X=4635.000 Y=2690.000 Z=0.063), Max=(X=4885.000 Y=3490.000 Z=775.063) RuntimeGrid:None EditorOnly:0 RuntimeOnly:0 HLODRelevant:1 FolderPath:MapaBlackout FolderGuid:E5BB936944CCA53D5FE816B463EE6509
 |   |   |- Guid:6290931A41E5F434B22AEF8E255D5461 BaseClass: NativeClass:/Script/Engine.StaticMeshActor Name:StaticMeshActor_UAID_087190B6C9ABD64A01_1762849994 Label:Cube27 SpatiallyLoaded:1 Bounds:IsValid=true, Min=(X=3045.000 Y=3580.000 Z=-9.937), Max=(X=3295.000 Y=4380.000 Z=565.063) RuntimeGrid:None EditorOnly:0 RuntimeOnly:0 HLODRelevant:1 FolderPath:MapaBlackout FolderGuid:E5BB936944CCA53D5FE816B463EE6509
 |   |   |- Guid:721C7A154884A06BDC40E6BE2A47DF1C BaseClass: NativeClass:/Script/Engine.StaticMeshActor Name:StaticMeshActor_UAID_087190B6C9ABD54A01_1874356809 Label:Cube18 SpatiallyLoaded:1 Bounds:IsValid=true, Min=(X=5942.500 Y=1565.000 Z=0.063), Max=(X=6817.500 Y=1815.000 Z=775.063) RuntimeGrid:None EditorOnly:0 RuntimeOnly:0 HLODRelevant:1 FolderPath:MapaBlackout FolderGuid:E5BB936944CCA53D5FE816B463EE6509
 |   |   |- Guid:72D74AF94783051E6ECCA0A9B578B4AC BaseClass: NativeClass:/Script/Engine.StaticMeshActor Name:StaticMeshActor_UAID_087190B6C9ABD54A01_1782590805 Label:Cube14 SpatiallyLoaded:1 Bounds:IsValid=true, Min=(X=4517.500 Y=5145.000 Z=0.063), Max=(X=5542.500 Y=5395.000 Z=775.063) RuntimeGrid:None EditorOnly:0 RuntimeOnly:0 HLODRelevant:1 FolderPath:MapaBlackout FolderGuid:E5BB936944CCA53D5FE816B463EE6509
 |   |   |- Guid:7C9B72FC444E5B5CF461BB89F2BFC7D4 BaseClass: NativeClass:/Script/Engine.StaticMeshActor Name:StaticMeshActor_UAID_087190B6C9ABD64A01_1159915992 Label:Cube25 SpatiallyLoaded:1 Bounds:IsValid=true, Min=(X=5785.000 Y=1087.500 Z=0.063), Max=(X=6035.000 Y=1812.500 Z=775.063) RuntimeGrid:None EditorOnly:0 RuntimeOnly:0 HLODRelevant:1 FolderPath:MapaBlackout FolderGuid:E5BB936944CCA53D5FE816B463EE6509
 |   |   |- Guid:7D975A4440CF7014975928B46CCDCC95 BaseClass: NativeClass:/Script/Engine.StaticMeshActor Name:StaticMeshActor_UAID_087190B6C9ABD54A01_2136339813 Label:Cube22 SpatiallyLoaded:1 Bounds:IsValid=true, Min=(X=6470.000 Y=3595.000 Z=0.063), Max=(X=7370.000 Y=3845.000 Z=775.063) RuntimeGrid:None EditorOnly:0 RuntimeOnly:0 HLODRelevant:1 FolderPath:MapaBlackout FolderGuid:E5BB936944CCA53D5FE816B463EE6509
 |   |   |- Guid:82D86DA848B029E917574E9219A31510 BaseClass: NativeClass:/Script/Engine.StaticMeshActor Name:StaticMeshActor_UAID_087190B6C9ABD54A01_1798980806 Label:Cube15 SpatiallyLoaded:1 Bounds:IsValid=true, Min=(X=4845.000 Y=3727.500 Z=0.063), Max=(X=5095.000 Y=4752.500 Z=775.063) RuntimeGrid:None EditorOnly:0 RuntimeOnly:0 HLODRelevant:1 FolderPath:MapaBlackout FolderGuid:E5BB936944CCA53D5FE816B463EE6509
 |   |   |- Guid:89F9F5C346AD7B093C54378C04133ED5 BaseClass: NativeClass:/Script/Engine.StaticMeshActor Name:StaticMeshActor_UAID_087190B6C9ABD64A01_1098849991 Label:Cube24 SpatiallyLoaded:1 Bounds:IsValid=true, Min=(X=7205.000 Y=3060.000 Z=0.063), Max=(X=7455.000 Y=3860.000 Z=775.063) RuntimeGrid:None EditorOnly:0 RuntimeOnly:0 HLODRelevant:1 FolderPath:MapaBlackout FolderGuid:E5BB936944CCA53D5FE816B463EE6509
 |   |   |- Guid:8F6A051441C4659FE830D09FFA8CABA8 BaseClass: NativeClass:/Script/Engine.StaticMeshActor Name:StaticMeshActor_UAID_087190B6C9ABD54A01_1285029800 Label:Cube9 SpatiallyLoaded:1 Bounds:IsValid=true, Min=(X=5955.000 Y=2615.000 Z=0.063), Max=(X=6205.000 Y=4065.000 Z=775.063) RuntimeGrid:None EditorOnly:0 RuntimeOnly:0 HLODRelevant:1 FolderPath:MapaBlackout FolderGuid:E5BB936944CCA53D5FE816B463EE6509
 |   |   |- Guid:917F6F444ED118C7370EEA87F4B6C0B0 BaseClass: NativeClass:/Script/Engine.StaticMeshActor Name:StaticMeshActor_UAID_087190B6C9ABD54A01_1472196802 Label:Cube11 SpatiallyLoaded:1 Bounds:IsValid=true, Min=(X=3962.500 Y=2715.000 Z=0.063), Max=(X=5537.500 Y=2965.000 Z=775.063) RuntimeGrid:None EditorOnly:0 RuntimeOnly:0 HLODRelevant:1 FolderPath:MapaBlackout FolderGuid:E5BB936944CCA53D5FE816B463EE6509
 |   |   |- Guid:9C79561D48607F6E150059ADD749C512 BaseClass: NativeClass:/Script/Engine.StaticMeshActor Name:StaticMeshActor_UAID_D8BBC18A3DDACF5001_1811024078 Label:house_4 SpatiallyLoaded:1 Bounds:IsValid=true, Min=(X=3653.901 Y=3938.846 Z=-0.000), Max=(X=4603.901 Y=4455.445 Z=515.863) RuntimeGrid:None EditorOnly:0 RuntimeOnly:0 HLODRelevant:1 FolderPath:MapHouses FolderGuid:1BF39EEA4B46D5DC32BF48BE75419982
 |   |   |- Guid:A537704C4E04134959A76D84C24E38D9 BaseClass: NativeClass:/Script/Engine.StaticMeshActor Name:StaticMeshActor_UAID_D8BBC18A3DDACF5001_1931047081 Label:arch_2 SpatiallyLoaded:1 Bounds:IsValid=true, Min=(X=3304.000 Y=2922.317 Z=5.033), Max=(X=3360.000 Y=3435.512 Z=539.036) RuntimeGrid:None EditorOnly:0 RuntimeOnly:0 HLODRelevant:1
 |   |   |- Guid:ACBF5A4942CAD6EBA53963A96F4C0682 BaseClass: NativeClass:/Script/Engine.VolumetricCloud Name:VolumetricCloud_0 Label:VolumetricCloud SpatiallyLoaded:0 Bounds:IsValid=true, Min=(X=0.000 Y=0.000 Z=820.000), Max=(X=0.000 Y=0.000 Z=820.000) RuntimeGrid:None EditorOnly:0 RuntimeOnly:0 HLODRelevant:0 FolderPath:Lighting FolderGuid:0BA5F0A04EADB18E70D5B180D08FA34B
 |   |   |- Guid:ACD5C05040D37160B922258EA1342858 BaseClass: NativeClass:/Script/Engine.StaticMeshActor Name:StaticMeshActor_UAID_D8BBC18A3DDACF5001_1319975075 Label:house_3 SpatiallyLoaded:1 Bounds:IsValid=true, Min=(X=3658.846 Y=3226.099 Z=-0.000), Max=(X=4175.445 Y=4176.099 Z=515.863) RuntimeGrid:None EditorOnly:0 RuntimeOnly:0 HLODRelevant:1 FolderPath:MapHouses FolderGuid:1BF39EEA4B46D5DC32BF48BE75419982
 |   |   |- Guid:B00604AE49D61C552EE94682C48A174B BaseClass: NativeClass:/Script/Engine.StaticMeshActor Name:StaticMeshActor_UAID_D8BBC18A3DDACE5001_1946075897 Label:house_top_1 SpatiallyLoaded:1 Bounds:IsValid=true, Min=(X=2972.039 Y=3363.597 Z=-10.000), Max=(X=3383.420 Y=3719.864 Z=1513.642) RuntimeGrid:None EditorOnly:0 RuntimeOnly:0 HLODRelevant:1 FolderPath:MapHouses FolderGuid:1BF39EEA4B46D5DC32BF48BE75419982
 |   |   |- Guid:B12A596544DB3BA4E0E83F8E90391419 BaseClass: NativeClass:/Script/Engine.StaticMeshActor Name:StaticMeshActor_UAID_087190B6C9ABD24A01_1831967266 Label:Cube3 SpatiallyLoaded:1 Bounds:IsValid=true, Min=(X=1657.500 Y=3337.500 Z=-187.500), Max=(X=1882.500 Y=3562.500 Z=187.500) RuntimeGrid:None EditorOnly:0 RuntimeOnly:0 HLODRelevant:1 FolderPath:MapaBlackout FolderGuid:E5BB936944CCA53D5FE816B463EE6509
 |   |   |- Guid:BC0FEF5F4E79C8C210E3268CC38CA28A BaseClass: NativeClass:/Script/Engine.StaticMeshActor Name:StaticMeshActor_UAID_D8BBC18A3DDACF5001_1859418079 Label:house_top_2 SpatiallyLoaded:1 Bounds:IsValid=true, Min=(X=2972.039 Y=2643.597 Z=-10.000), Max=(X=3383.420 Y=2999.864 Z=1513.642) RuntimeGrid:None EditorOnly:0 RuntimeOnly:0 HLODRelevant:1 FolderPath:MapHouses FolderGuid:1BF39EEA4B46D5DC32BF48BE75419982
 |   |   |- Guid:BD1FAD1B4DCB3601EF247B97BBF11DE5 BaseClass: NativeClass:/Script/Engine.StaticMeshActor Name:StaticMeshActor_UAID_087190B6C9ABD54A01_1750012804 Label:Cube13 SpatiallyLoaded:1 Bounds:IsValid=true, Min=(X=3027.500 Y=2455.000 Z=0.063), Max=(X=4052.500 Y=2705.000 Z=775.063) RuntimeGrid:None EditorOnly:0 RuntimeOnly:0 HLODRelevant:1 FolderPath:MapaBlackout FolderGuid:E5BB936944CCA53D5FE816B463EE6509
 |   |   |- Guid:BDDBA8CF4892D58F980EEBABD3FE9BB4 BaseClass: NativeClass:/Script/Engine.StaticMeshActor Name:StaticMeshActor_UAID_087190B6C9ABD54A01_1318420801 Label:Cube10 SpatiallyLoaded:1 Bounds:IsValid=true, Min=(X=4365.000 Y=865.000 Z=0.063), Max=(X=4615.000 Y=2315.000 Z=775.063) RuntimeGrid:None EditorOnly:0 RuntimeOnly:0 HLODRelevant:1 FolderPath:MapaBlackout FolderGuid:E5BB936944CCA53D5FE816B463EE6509
 |   |   |- Guid:C25719B84FB755A3969AEB959084932F BaseClass: NativeClass:/Script/Engine.StaticMeshActor Name:StaticMeshActor_UAID_D8BBC18A3DDACE5001_1881908896 Label:house_1 SpatiallyLoaded:1 Bounds:IsValid=true, Min=(X=2104.555 Y=2883.901 Z=-0.000), Max=(X=2621.154 Y=3833.901 Z=515.863) RuntimeGrid:None EditorOnly:0 RuntimeOnly:0 HLODRelevant:1 FolderPath:MapHouses FolderGuid:1BF39EEA4B46D5DC32BF48BE75419982
 |   |   |- Guid:CBFA2C8A404AEB3813EEB88D3BCBF028 BaseClass: NativeClass:/Script/Engine.StaticMeshActor Name:StaticMeshActor_UAID_087190B6C9ABD54A01_1833589807 Label:Cube16 SpatiallyLoaded:1 Bounds:IsValid=true, Min=(X=4347.500 Y=875.000 Z=0.063), Max=(X=5372.500 Y=1125.000 Z=775.063) RuntimeGrid:None EditorOnly:0 RuntimeOnly:0 HLODRelevant:1 FolderPath:MapaBlackout FolderGuid:E5BB936944CCA53D5FE816B463EE6509
 |   |   |- Guid:D15D410645CFC69B5DEFD1B878FAF726 BaseClass: NativeClass:/Script/Engine.PostProcessVolume Name:PostProcessVolume_0 Label:PostProcessVolume SpatiallyLoaded:0 Bounds:IsValid=true, Min=(X=0.000 Y=0.000 Z=400.000), Max=(X=200.000 Y=200.000 Z=600.000) RuntimeGrid:None EditorOnly:0 RuntimeOnly:0 HLODRelevant:0 FolderPath:Lighting FolderGuid:0BA5F0A04EADB18E70D5B180D08FA34B
 |   |   |- Guid:D242C2E1451824AF5B38F4B127AD2B42 BaseClass: NativeClass:/Script/Engine.StaticMeshActor Name:StaticMeshActor_UAID_D8BBC18A3DDACF5001_1894593080 Label:arch_1 SpatiallyLoaded:1 Bounds:IsValid=true, Min=(X=3074.000 Y=2922.317 Z=5.033), Max=(X=3130.000 Y=3435.512 Z=539.036) RuntimeGrid:None EditorOnly:0 RuntimeOnly:0 HLODRelevant:1
 |   |   |- Guid:D2AEC04B4FBACD782F61D18789D8835C BaseClass: NativeClass:/Script/Engine.StaticMeshActor Name:StaticMeshActor_UAID_087190B6C9ABD64A01_1085462990 Label:Cube23 SpatiallyLoaded:1 Bounds:IsValid=true, Min=(X=6630.000 Y=3075.000 Z=0.063), Max=(X=7430.000 Y=3325.000 Z=775.063) RuntimeGrid:None EditorOnly:0 RuntimeOnly:0 HLODRelevant:1 FolderPath:MapaBlackout FolderGuid:E5BB936944CCA53D5FE816B463EE6509
 |   |   |- Guid:D51944724680D25A2E39468FCF5EA163 BaseClass: NativeClass:/Script/Engine.PlayerStart Name:PlayerStart_UAID_A0C589BDB3FC334F01_1481062559 Label:PlayerStart SpatiallyLoaded:0 Bounds:IsValid=true, Min=(X=3260.000 Y=3300.000 Z=0.000), Max=(X=3340.000 Y=3380.000 Z=184.000) RuntimeGrid:None EditorOnly:0 RuntimeOnly:0 HLODRelevant:0
 |   |   |- Guid:F47A1E3D40527E0F7F2DCB85DB04975B BaseClass: NativeClass:/Script/Engine.StaticMeshActor Name:StaticMeshActor_UAID_087190B6C9ABD24A01_2032608269 Label:Cube6 SpatiallyLoaded:1 Bounds:IsValid=true, Min=(X=2872.500 Y=4845.000 Z=0.063), Max=(X=4447.500 Y=5095.000 Z=775.063) RuntimeGrid:None EditorOnly:0 RuntimeOnly:0 HLODRelevant:1 FolderPath:MapaBlackout FolderGuid:E5BB936944CCA53D5FE816B463EE6509
 |   |   |- Guid:F74A73ED4D02B65838CA2DA049472DD8 BaseClass: NativeClass:/Script/Engine.StaticMeshActor Name:StaticMeshActor_UAID_087190B6C9ABD54A01_1731935803 Label:Cube12 SpatiallyLoaded:1 Bounds:IsValid=true, Min=(X=4077.500 Y=2075.000 Z=0.063), Max=(X=4902.500 Y=2325.000 Z=775.063) RuntimeGrid:None EditorOnly:0 RuntimeOnly:0 HLODRelevant:1 FolderPath:MapaBlackout FolderGuid:E5BB936944CCA53D5FE816B463EE6509
 |   |   |- Guid:FCDA97234F857E1E51DCD494C7A5C4F4 BaseClass: NativeClass:/Script/Engine.StaticMeshActor Name:StaticMeshActor_UAID_087190B6C9ABD24A01_1587847264 Label:Cube SpatiallyLoaded:1 Bounds:IsValid=true, Min=(X=1572.500 Y=2667.500 Z=0.063), Max=(X=2847.500 Y=2892.500 Z=775.063) RuntimeGrid:None EditorOnly:0 RuntimeOnly:0 HLODRelevant:1 FolderPath:MapaBlackout FolderGuid:E5BB936944CCA53D5FE816B463EE6509
 |   |- [+] Clusters:
 |   |   |- [+] [  0]
 |   |   |   |- Guid:2E78235646446ED3564E1980658A0E79 BaseClass: NativeClass:/Script/Engine.WorldDataLayers Name:WorldDataLayers Label:WorldDataLayers-1 SpatiallyLoaded:0 Bounds:IsValid=true, Min=(X=0.000 Y=0.000 Z=0.000), Max=(X=0.000 Y=0.000 Z=0.000) RuntimeGrid:None EditorOnly:0 RuntimeOnly:0 HLODRelevant:0
 |   |   |- [+] [  1]
 |   |   |   |- Guid:ACBF5A4942CAD6EBA53963A96F4C0682 BaseClass: NativeClass:/Script/Engine.VolumetricCloud Name:VolumetricCloud_0 Label:VolumetricCloud SpatiallyLoaded:0 Bounds:IsValid=true, Min=(X=0.000 Y=0.000 Z=820.000), Max=(X=0.000 Y=0.000 Z=820.000) RuntimeGrid:None EditorOnly:0 RuntimeOnly:0 HLODRelevant:0 FolderPath:Lighting FolderGuid:0BA5F0A04EADB18E70D5B180D08FA34B
 |   |   |- [+] [  2]
 |   |   |   |- Guid:FCDA97234F857E1E51DCD494C7A5C4F4 BaseClass: NativeClass:/Script/Engine.StaticMeshActor Name:StaticMeshActor_UAID_087190B6C9ABD24A01_1587847264 Label:Cube SpatiallyLoaded:1 Bounds:IsValid=true, Min=(X=1572.500 Y=2667.500 Z=0.063), Max=(X=2847.500 Y=2892.500 Z=775.063) RuntimeGrid:None EditorOnly:0 RuntimeOnly:0 HLODRelevant:1 FolderPath:MapaBlackout FolderGuid:E5BB936944CCA53D5FE816B463EE6509
 |   |   |- [+] [  3]
 |   |   |   |- Guid:D2AEC04B4FBACD782F61D18789D8835C BaseClass: NativeClass:/Script/Engine.StaticMeshActor Name:StaticMeshActor_UAID_087190B6C9ABD64A01_1085462990 Label:Cube23 SpatiallyLoaded:1 Bounds:IsValid=true, Min=(X=6630.000 Y=3075.000 Z=0.063), Max=(X=7430.000 Y=3325.000 Z=775.063) RuntimeGrid:None EditorOnly:0 RuntimeOnly:0 HLODRelevant:1 FolderPath:MapaBlackout FolderGuid:E5BB936944CCA53D5FE816B463EE6509
 |   |   |- [+] [  4]
 |   |   |   |- Guid:14FD1B744FC73077D69066BEC986F388 BaseClass: NativeClass:/Script/Engine.SkyLight Name:SkyLight_0 Label:SkyLight SpatiallyLoaded:0 Bounds:IsValid=true, Min=(X=0.000 Y=0.000 Z=690.000), Max=(X=0.000 Y=0.000 Z=690.000) RuntimeGrid:None EditorOnly:0 RuntimeOnly:0 HLODRelevant:0 FolderPath:Lighting FolderGuid:0BA5F0A04EADB18E70D5B180D08FA34B
 |   |   |- [+] [  5]
 |   |   |   |- Guid:0B12F6234C20D456DA53B1A5F781E8B8 BaseClass: NativeClass:/Script/Engine.StaticMeshActor Name:StaticMeshActor_UAID_087190B6C9ABD54A01_1892203810 Label:Cube19 SpatiallyLoaded:1 Bounds:IsValid=true, Min=(X=6565.000 Y=1775.000 Z=0.063), Max=(X=6815.000 Y=3325.000 Z=775.063) RuntimeGrid:None EditorOnly:0 RuntimeOnly:0 HLODRelevant:1 FolderPath:MapaBlackout FolderGuid:E5BB936944CCA53D5FE816B463EE6509
 |   |   |- [+] [  6]
 |   |   |   |- Guid:721C7A154884A06BDC40E6BE2A47DF1C BaseClass: NativeClass:/Script/Engine.StaticMeshActor Name:StaticMeshActor_UAID_087190B6C9ABD54A01_1874356809 Label:Cube18 SpatiallyLoaded:1 Bounds:IsValid=true, Min=(X=5942.500 Y=1565.000 Z=0.063), Max=(X=6817.500 Y=1815.000 Z=775.063) RuntimeGrid:None EditorOnly:0 RuntimeOnly:0 HLODRelevant:1 FolderPath:MapaBlackout FolderGuid:E5BB936944CCA53D5FE816B463EE6509
 |   |   |- [+] [  7]
 |   |   |   |- Guid:89F9F5C346AD7B093C54378C04133ED5 BaseClass: NativeClass:/Script/Engine.StaticMeshActor Name:StaticMeshActor_UAID_087190B6C9ABD64A01_1098849991 Label:Cube24 SpatiallyLoaded:1 Bounds:IsValid=true, Min=(X=7205.000 Y=3060.000 Z=0.063), Max=(X=7455.000 Y=3860.000 Z=775.063) RuntimeGrid:None EditorOnly:0 RuntimeOnly:0 HLODRelevant:1 FolderPath:MapaBlackout FolderGuid:E5BB936944CCA53D5FE816B463EE6509
 |   |   |- [+] [  8]
 |   |   |   |- Guid:00BE264C4C4BD3D18B7BFA9E82910F3C BaseClass: NativeClass:/Script/Engine.ExponentialHeightFog Name:ExponentialHeightFog_0 Label:ExponentialHeightFog SpatiallyLoaded:0 Bounds:IsValid=true, Min=(X=-5600.000 Y=-50.000 Z=-6850.000), Max=(X=-5600.000 Y=-50.000 Z=-6850.000) RuntimeGrid:None EditorOnly:0 RuntimeOnly:0 HLODRelevant:0 FolderPath:Lighting FolderGuid:0BA5F0A04EADB18E70D5B180D08FA34B
 |   |   |- [+] [  9]
 |   |   |   |- Guid:CBFA2C8A404AEB3813EEB88D3BCBF028 BaseClass: NativeClass:/Script/Engine.StaticMeshActor Name:StaticMeshActor_UAID_087190B6C9ABD54A01_1833589807 Label:Cube16 SpatiallyLoaded:1 Bounds:IsValid=true, Min=(X=4347.500 Y=875.000 Z=0.063), Max=(X=5372.500 Y=1125.000 Z=775.063) RuntimeGrid:None EditorOnly:0 RuntimeOnly:0 HLODRelevant:1 FolderPath:MapaBlackout FolderGuid:E5BB936944CCA53D5FE816B463EE6509
 |   |   |- [+] [ 10]
 |   |   |   |- Guid:200831364ACF0A3AB0FDDF975E7263B1 BaseClass: NativeClass:/Script/Engine.DirectionalLight Name:DirectionalLight_1 Label:DirectionalLight SpatiallyLoaded:0 Bounds:IsValid=true, Min=(X=-1048576.000 Y=-1048576.000 Z=-1048576.000), Max=(X=1048576.000 Y=1048576.000 Z=1048576.000) RuntimeGrid:None EditorOnly:0 RuntimeOnly:0 HLODRelevant:0 FolderPath:Lighting FolderGuid:0BA5F0A04EADB18E70D5B180D08FA34B
 |   |   |- [+] [ 11]
 |   |   |   |- Guid:F47A1E3D40527E0F7F2DCB85DB04975B BaseClass: NativeClass:/Script/Engine.StaticMeshActor Name:StaticMeshActor_UAID_087190B6C9ABD24A01_2032608269 Label:Cube6 SpatiallyLoaded:1 Bounds:IsValid=true, Min=(X=2872.500 Y=4845.000 Z=0.063), Max=(X=4447.500 Y=5095.000 Z=775.063) RuntimeGrid:None EditorOnly:0 RuntimeOnly:0 HLODRelevant:1 FolderPath:MapaBlackout FolderGuid:E5BB936944CCA53D5FE816B463EE6509
 |   |   |- [+] [ 12]
 |   |   |   |- Guid:D51944724680D25A2E39468FCF5EA163 BaseClass: NativeClass:/Script/Engine.PlayerStart Name:PlayerStart_UAID_A0C589BDB3FC334F01_1481062559 Label:PlayerStart SpatiallyLoaded:0 Bounds:IsValid=true, Min=(X=3260.000 Y=3300.000 Z=0.000), Max=(X=3340.000 Y=3380.000 Z=184.000) RuntimeGrid:None EditorOnly:0 RuntimeOnly:0 HLODRelevant:0
 |   |   |- [+] [ 13]
 |   |   |   |- Guid:446D96454895ED34875A868FD903EAC5 BaseClass: NativeClass:/Script/Engine.StaticMeshActor Name:StaticMeshActor_UAID_087190B6C9ABD54A01_1854582808 Label:Cube17 SpatiallyLoaded:1 Bounds:IsValid=true, Min=(X=5040.000 Y=1075.000 Z=0.063), Max=(X=5840.000 Y=1325.000 Z=775.063) RuntimeGrid:None EditorOnly:0 RuntimeOnly:0 HLODRelevant:1 FolderPath:MapaBlackout FolderGuid:E5BB936944CCA53D5FE816B463EE6509
 |   |   |- [+] [ 14]
 |   |   |   |- Guid:530A3ADC48143063117B1EA455B686D1 BaseClass: NativeClass:/Script/Engine.StaticMeshActor Name:StaticMeshActor_0 Label:SM_Cube SpatiallyLoaded:1 Bounds:IsValid=true, Min=(X=0.000 Y=0.000 Z=-50.000), Max=(X=8800.000 Y=7625.000 Z=0.000) RuntimeGrid:None EditorOnly:0 RuntimeOnly:0 HLODRelevant:1 FolderPath:Playground FolderGuid:6C02BB504B69D1F3D7A624B130C18E5B
 |   |   |- [+] [ 15]
 |   |   |   |- Guid:0F99D0B3416A424D0F3DECBDAEFEAC1A BaseClass: NativeClass:/Script/Engine.StaticMeshActor Name:StaticMeshActor_UAID_087190B6C9ABD54A01_1211322799 Label:Cube8 SpatiallyLoaded:1 Bounds:IsValid=true, Min=(X=5565.000 Y=3742.500 Z=0.063), Max=(X=5815.000 Y=5317.500 Z=775.063) RuntimeGrid:None EditorOnly:0 RuntimeOnly:0 HLODRelevant:1 FolderPath:MapaBlackout FolderGuid:E5BB936944CCA53D5FE816B463EE6509
 |   |   |- [+] [ 16]
 |   |   |   |- Guid:2EE853C440833A9647D21C82BC62F770 BaseClass: NativeClass:/Script/Engine.StaticMeshActor Name:StaticMeshActor_UAID_087190B6C9ABD24A01_1921398267 Label:Cube4 SpatiallyLoaded:1 Bounds:IsValid=true, Min=(X=1472.500 Y=4157.500 Z=0.063), Max=(X=3047.500 Y=4382.500 Z=775.063) RuntimeGrid:None EditorOnly:0 RuntimeOnly:0 HLODRelevant:1 FolderPath:MapaBlackout FolderGuid:E5BB936944CCA53D5FE816B463EE6509
 |   |   |- [+] [ 17]
 |   |   |   |- Guid:D15D410645CFC69B5DEFD1B878FAF726 BaseClass: NativeClass:/Script/Engine.PostProcessVolume Name:PostProcessVolume_0 Label:PostProcessVolume SpatiallyLoaded:0 Bounds:IsValid=true, Min=(X=0.000 Y=0.000 Z=400.000), Max=(X=200.000 Y=200.000 Z=600.000) RuntimeGrid:None EditorOnly:0 RuntimeOnly:0 HLODRelevant:0 FolderPath:Lighting FolderGuid:0BA5F0A04EADB18E70D5B180D08FA34B
 |   |   |- [+] [ 18]
 |   |   |   |- Guid:8F6A051441C4659FE830D09FFA8CABA8 BaseClass: NativeClass:/Script/Engine.StaticMeshActor Name:StaticMeshActor_UAID_087190B6C9ABD54A01_1285029800 Label:Cube9 SpatiallyLoaded:1 Bounds:IsValid=true, Min=(X=5955.000 Y=2615.000 Z=0.063), Max=(X=6205.000 Y=4065.000 Z=775.063) RuntimeGrid:None EditorOnly:0 RuntimeOnly:0 HLODRelevant:1 FolderPath:MapaBlackout FolderGuid:E5BB936944CCA53D5FE816B463EE6509
 |   |   |- [+] [ 19]
 |   |   |   |- Guid:B12A596544DB3BA4E0E83F8E90391419 BaseClass: NativeClass:/Script/Engine.StaticMeshActor Name:StaticMeshActor_UAID_087190B6C9ABD24A01_1831967266 Label:Cube3 SpatiallyLoaded:1 Bounds:IsValid=true, Min=(X=1657.500 Y=3337.500 Z=-187.500), Max=(X=1882.500 Y=3562.500 Z=187.500) RuntimeGrid:None EditorOnly:0 RuntimeOnly:0 HLODRelevant:1 FolderPath:MapaBlackout FolderGuid:E5BB936944CCA53D5FE816B463EE6509
 |   |   |- [+] [ 20]
 |   |   |   |- Guid:27C30FB84F110D6C3E2A2B98EFB91B02 BaseClass: NativeClass:/Script/Engine.SkyAtmosphere Name:SkyAtmosphere_0 Label:SkyAtmosphere SpatiallyLoaded:0 Bounds:IsValid=true, Min=(X=0.000 Y=0.000 Z=1020.000), Max=(X=0.000 Y=0.000 Z=1020.000) RuntimeGrid:None EditorOnly:0 RuntimeOnly:0 HLODRelevant:0 FolderPath:Lighting FolderGuid:0BA5F0A04EADB18E70D5B180D08FA34B
 |   |   |- [+] [ 21]
 |   |   |   |- Guid:7D975A4440CF7014975928B46CCDCC95 BaseClass: NativeClass:/Script/Engine.StaticMeshActor Name:StaticMeshActor_UAID_087190B6C9ABD54A01_2136339813 Label:Cube22 SpatiallyLoaded:1 Bounds:IsValid=true, Min=(X=6470.000 Y=3595.000 Z=0.063), Max=(X=7370.000 Y=3845.000 Z=775.063) RuntimeGrid:None EditorOnly:0 RuntimeOnly:0 HLODRelevant:1 FolderPath:MapaBlackout FolderGuid:E5BB936944CCA53D5FE816B463EE6509
 |   |   |- [+] [ 22]
 |   |   |   |- Guid:7C9B72FC444E5B5CF461BB89F2BFC7D4 BaseClass: NativeClass:/Script/Engine.StaticMeshActor Name:StaticMeshActor_UAID_087190B6C9ABD64A01_1159915992 Label:Cube25 SpatiallyLoaded:1 Bounds:IsValid=true, Min=(X=5785.000 Y=1087.500 Z=0.063), Max=(X=6035.000 Y=1812.500 Z=775.063) RuntimeGrid:None EditorOnly:0 RuntimeOnly:0 HLODRelevant:1 FolderPath:MapaBlackout FolderGuid:E5BB936944CCA53D5FE816B463EE6509
 |   |   |- [+] [ 23]
 |   |   |   |- Guid:82D86DA848B029E917574E9219A31510 BaseClass: NativeClass:/Script/Engine.StaticMeshActor Name:StaticMeshActor_UAID_087190B6C9ABD54A01_1798980806 Label:Cube15 SpatiallyLoaded:1 Bounds:IsValid=true, Min=(X=4845.000 Y=3727.500 Z=0.063), Max=(X=5095.000 Y=4752.500 Z=775.063) RuntimeGrid:None EditorOnly:0 RuntimeOnly:0 HLODRelevant:1 FolderPath:MapaBlackout FolderGuid:E5BB936944CCA53D5FE816B463EE6509
 |   |   |- [+] [ 24]
 |   |   |   |- Guid:6290931A41E5F434B22AEF8E255D5461 BaseClass: NativeClass:/Script/Engine.StaticMeshActor Name:StaticMeshActor_UAID_087190B6C9ABD64A01_1762849994 Label:Cube27 SpatiallyLoaded:1 Bounds:IsValid=true, Min=(X=3045.000 Y=3580.000 Z=-9.937), Max=(X=3295.000 Y=4380.000 Z=565.063) RuntimeGrid:None EditorOnly:0 RuntimeOnly:0 HLODRelevant:1 FolderPath:MapaBlackout FolderGuid:E5BB936944CCA53D5FE816B463EE6509
 |   |   |- [+] [ 25]
 |   |   |   |- Guid:BD1FAD1B4DCB3601EF247B97BBF11DE5 BaseClass: NativeClass:/Script/Engine.StaticMeshActor Name:StaticMeshActor_UAID_087190B6C9ABD54A01_1750012804 Label:Cube13 SpatiallyLoaded:1 Bounds:IsValid=true, Min=(X=3027.500 Y=2455.000 Z=0.063), Max=(X=4052.500 Y=2705.000 Z=775.063) RuntimeGrid:None EditorOnly:0 RuntimeOnly:0 HLODRelevant:1 FolderPath:MapaBlackout FolderGuid:E5BB936944CCA53D5FE816B463EE6509
 |   |   |- [+] [ 26]
 |   |   |   |- Guid:BDDBA8CF4892D58F980EEBABD3FE9BB4 BaseClass: NativeClass:/Script/Engine.StaticMeshActor Name:StaticMeshActor_UAID_087190B6C9ABD54A01_1318420801 Label:Cube10 SpatiallyLoaded:1 Bounds:IsValid=true, Min=(X=4365.000 Y=865.000 Z=0.063), Max=(X=4615.000 Y=2315.000 Z=775.063) RuntimeGrid:None EditorOnly:0 RuntimeOnly:0 HLODRelevant:1 FolderPath:MapaBlackout FolderGuid:E5BB936944CCA53D5FE816B463EE6509
 |   |   |- [+] [ 27]
 |   |   |   |- Guid:917F6F444ED118C7370EEA87F4B6C0B0 BaseClass: NativeClass:/Script/Engine.StaticMeshActor Name:StaticMeshActor_UAID_087190B6C9ABD54A01_1472196802 Label:Cube11 SpatiallyLoaded:1 Bounds:IsValid=true, Min=(X=3962.500 Y=2715.000 Z=0.063), Max=(X=5537.500 Y=2965.000 Z=775.063) RuntimeGrid:None EditorOnly:0 RuntimeOnly:0 HLODRelevant:1 FolderPath:MapaBlackout FolderGuid:E5BB936944CCA53D5FE816B463EE6509
 |   |   |- [+] [ 28]
 |   |   |   |- Guid:587509064E09CC51D52285B5C23C7C99 BaseClass: NativeClass:/Script/Engine.StaticMeshActor Name:StaticMeshActor_UAID_087190B6C9ABD04A01_1217211911 Label:blockout2 SpatiallyLoaded:1 Bounds:IsValid=true, Min=(X=1325.437 Y=936.633 Z=-1800.000), Max=(X=7450.273 Y=5349.342 Z=-1375.000) RuntimeGrid:None EditorOnly:0 RuntimeOnly:0 HLODRelevant:1 FolderPath:MapHouses FolderGuid:1BF39EEA4B46D5DC32BF48BE75419982
 |   |   |- [+] [ 29]
 |   |   |   |- Guid:F74A73ED4D02B65838CA2DA049472DD8 BaseClass: NativeClass:/Script/Engine.StaticMeshActor Name:StaticMeshActor_UAID_087190B6C9ABD54A01_1731935803 Label:Cube12 SpatiallyLoaded:1 Bounds:IsValid=true, Min=(X=4077.500 Y=2075.000 Z=0.063), Max=(X=4902.500 Y=2325.000 Z=775.063) RuntimeGrid:None EditorOnly:0 RuntimeOnly:0 HLODRelevant:1 FolderPath:MapaBlackout FolderGuid:E5BB936944CCA53D5FE816B463EE6509
 |   |   |- [+] [ 30]
 |   |   |   |- Guid:72D74AF94783051E6ECCA0A9B578B4AC BaseClass: NativeClass:/Script/Engine.StaticMeshActor Name:StaticMeshActor_UAID_087190B6C9ABD54A01_1782590805 Label:Cube14 SpatiallyLoaded:1 Bounds:IsValid=true, Min=(X=4517.500 Y=5145.000 Z=0.063), Max=(X=5542.500 Y=5395.000 Z=775.063) RuntimeGrid:None EditorOnly:0 RuntimeOnly:0 HLODRelevant:1 FolderPath:MapaBlackout FolderGuid:E5BB936944CCA53D5FE816B463EE6509
 |   |   |- [+] [ 31]
 |   |   |   |- Guid:58B14FFE4895A5398A6EB3AF46EADCA1 BaseClass: NativeClass:/Script/Engine.StaticMeshActor Name:StaticMeshActor_UAID_087190B6C9ABD54A01_2064752811 Label:Cube20 SpatiallyLoaded:1 Bounds:IsValid=true, Min=(X=4635.000 Y=2690.000 Z=0.063), Max=(X=4885.000 Y=3490.000 Z=775.063) RuntimeGrid:None EditorOnly:0 RuntimeOnly:0 HLODRelevant:1 FolderPath:MapaBlackout FolderGuid:E5BB936944CCA53D5FE816B463EE6509
 |   |   |- [+] [ 32]
 |   |   |   |- Guid:3712FFA8442229FA7B023DA7C6DD30E5 BaseClass: NativeClass:/Script/Engine.StaticMeshActor Name:StaticMeshActor_UAID_087190B6C9ABD54A01_2118516812 Label:Cube21 SpatiallyLoaded:1 Bounds:IsValid=true, Min=(X=5720.000 Y=3815.000 Z=0.063), Max=(X=6520.000 Y=4065.000 Z=775.063) RuntimeGrid:None EditorOnly:0 RuntimeOnly:0 HLODRelevant:1 FolderPath:MapaBlackout FolderGuid:E5BB936944CCA53D5FE816B463EE6509
 |   |   |- [+] [ 33]
 |   |   |   |- Guid:4A6DF13747077FE738A1C898DEFABBC5 BaseClass: NativeClass:/Script/Engine.StaticMeshActor Name:StaticMeshActor_UAID_A4AE111137DC5EFB00_2001720423 Label:SM_SkySphere SpatiallyLoaded:1 Bounds:IsValid=true, Min=(X=-1638400.000 Y=-1638400.000 Z=-1638400.000), Max=(X=1638400.000 Y=1638400.000 Z=1638400.000) RuntimeGrid:None EditorOnly:0 RuntimeOnly:0 HLODRelevant:1 FolderPath:Lighting FolderGuid:0BA5F0A04EADB18E70D5B180D08FA34B
 |   |   |- [+] [ 34]
 |   |   |   |- Guid:3BC48C34458BEED792D6E68AB5514F50 BaseClass: NativeClass:/Script/Engine.StaticMeshActor Name:StaticMeshActor_UAID_087190B6C9ABD24A01_1929818268 Label:Cube5 SpatiallyLoaded:1 Bounds:IsValid=true, Min=(X=1302.500 Y=2680.000 Z=0.063), Max=(X=1577.500 Y=4380.000 Z=775.063) RuntimeGrid:None EditorOnly:0 RuntimeOnly:0 HLODRelevant:1 FolderPath:MapaBlackout FolderGuid:E5BB936944CCA53D5FE816B463EE6509
 |   |   |- [+] [ 35]
 |   |   |   |- Guid:3617D56F4C7ED219E4A1DC84C9C7D604 BaseClass: NativeClass:/Script/Engine.StaticMeshActor Name:StaticMeshActor_UAID_D8BBC18A3DDACE5001_1794117895 Label:house_top_3 SpatiallyLoaded:1 Bounds:IsValid=true, Min=(X=5349.532 Y=4848.536 Z=-50.000), Max=(X=5983.282 Y=5426.266 Z=1555.328) RuntimeGrid:None EditorOnly:0 RuntimeOnly:0 HLODRelevant:1 FolderPath:MapHouses FolderGuid:1BF39EEA4B46D5DC32BF48BE75419982
 |   |   |- [+] [ 36]
 |   |   |   |- Guid:C25719B84FB755A3969AEB959084932F BaseClass: NativeClass:/Script/Engine.StaticMeshActor Name:StaticMeshActor_UAID_D8BBC18A3DDACE5001_1881908896 Label:house_1 SpatiallyLoaded:1 Bounds:IsValid=true, Min=(X=2104.555 Y=2883.901 Z=-0.000), Max=(X=2621.154 Y=3833.901 Z=515.863) RuntimeGrid:None EditorOnly:0 RuntimeOnly:0 HLODRelevant:1 FolderPath:MapHouses FolderGuid:1BF39EEA4B46D5DC32BF48BE75419982
 |   |   |- [+] [ 37]
 |   |   |   |- Guid:B00604AE49D61C552EE94682C48A174B BaseClass: NativeClass:/Script/Engine.StaticMeshActor Name:StaticMeshActor_UAID_D8BBC18A3DDACE5001_1946075897 Label:house_top_1 SpatiallyLoaded:1 Bounds:IsValid=true, Min=(X=2972.039 Y=3363.597 Z=-10.000), Max=(X=3383.420 Y=3719.864 Z=1513.642) RuntimeGrid:None EditorOnly:0 RuntimeOnly:0 HLODRelevant:1 FolderPath:MapHouses FolderGuid:1BF39EEA4B46D5DC32BF48BE75419982
 |   |   |- [+] [ 38]
 |   |   |   |- Guid:49CA16A54B2F5B33F51573BD50D22B0F BaseClass: NativeClass:/Script/Engine.StaticMeshActor Name:StaticMeshActor_UAID_D8BBC18A3DDACF5001_1170898074 Label:house_2 SpatiallyLoaded:1 Bounds:IsValid=true, Min=(X=5156.099 Y=1934.555 Z=-0.000), Max=(X=6106.099 Y=2451.154 Z=515.863) RuntimeGrid:None EditorOnly:0 RuntimeOnly:0 HLODRelevant:1 FolderPath:MapHouses FolderGuid:1BF39EEA4B46D5DC32BF48BE75419982
 |   |   |- [+] [ 39]
 |   |   |   |- Guid:ACD5C05040D37160B922258EA1342858 BaseClass: NativeClass:/Script/Engine.StaticMeshActor Name:StaticMeshActor_UAID_D8BBC18A3DDACF5001_1319975075 Label:house_3 SpatiallyLoaded:1 Bounds:IsValid=true, Min=(X=3658.846 Y=3226.099 Z=-0.000), Max=(X=4175.445 Y=4176.099 Z=515.863) RuntimeGrid:None EditorOnly:0 RuntimeOnly:0 HLODRelevant:1 FolderPath:MapHouses FolderGuid:1BF39EEA4B46D5DC32BF48BE75419982
 |   |   |- [+] [ 40]
 |   |   |   |- Guid:9C79561D48607F6E150059ADD749C512 BaseClass: NativeClass:/Script/Engine.StaticMeshActor Name:StaticMeshActor_UAID_D8BBC18A3DDACF5001_1811024078 Label:house_4 SpatiallyLoaded:1 Bounds:IsValid=true, Min=(X=3653.901 Y=3938.846 Z=-0.000), Max=(X=4603.901 Y=4455.445 Z=515.863) RuntimeGrid:None EditorOnly:0 RuntimeOnly:0 HLODRelevant:1 FolderPath:MapHouses FolderGuid:1BF39EEA4B46D5DC32BF48BE75419982
 |   |   |- [+] [ 41]
 |   |   |   |- Guid:BC0FEF5F4E79C8C210E3268CC38CA28A BaseClass: NativeClass:/Script/Engine.StaticMeshActor Name:StaticMeshActor_UAID_D8BBC18A3DDACF5001_1859418079 Label:house_top_2 SpatiallyLoaded:1 Bounds:IsValid=true, Min=(X=2972.039 Y=2643.597 Z=-10.000), Max=(X=3383.420 Y=2999.864 Z=1513.642) RuntimeGrid:None EditorOnly:0 RuntimeOnly:0 HLODRelevant:1 FolderPath:MapHouses FolderGuid:1BF39EEA4B46D5DC32BF48BE75419982
 |   |   |- [+] [ 42]
 |   |   |   |- Guid:D242C2E1451824AF5B38F4B127AD2B42 BaseClass: NativeClass:/Script/Engine.StaticMeshActor Name:StaticMeshActor_UAID_D8BBC18A3DDACF5001_1894593080 Label:arch_1 SpatiallyLoaded:1 Bounds:IsValid=true, Min=(X=3074.000 Y=2922.317 Z=5.033), Max=(X=3130.000 Y=3435.512 Z=539.036) RuntimeGrid:None EditorOnly:0 RuntimeOnly:0 HLODRelevant:1
 |   |   |- [+] [ 43]
 |   |   |   |- Guid:A537704C4E04134959A76D84C24E38D9 BaseClass: NativeClass:/Script/Engine.StaticMeshActor Name:StaticMeshActor_UAID_D8BBC18A3DDACF5001_1931047081 Label:arch_2 SpatiallyLoaded:1 Bounds:IsValid=true, Min=(X=3304.000 Y=2922.317 Z=5.033), Max=(X=3360.000 Y=3435.512 Z=539.036) RuntimeGrid:None EditorOnly:0 RuntimeOnly:0 HLODRelevant:1
 |- ContainerInstances:
 |- [+] MainContainer:
 |   |-        ID: 0x0000000000000000
 |   |-    Bounds: IsValid=false, Min=(X=0.000 Y=0.000 Z=0.000), Max=(X=0.000 Y=0.000 Z=0.000)
 |   |- Transform: 0.000000,0.000000,0.000000|0.000000,0.000000,-0.000000|1.000000,1.000000,1.000000
 |   |- Container: /Game/FirstPerson/Maps/Blockout
----------------------------------------------------------------------------------------------------------------
Blockout - Persistent Level
----------------------------------------------------------------------------------------------------------------
Always loaded Actor Count: 52 

----------------------------------------------------------------------------------------------------------------
Blockout - Runtime Spatial Hash - Streaming Grid - MainGrid
----------------------------------------------------------------------------------------------------------------
            Origin: X=0.000 Y=0.000 Z=0.000
         Cell Size: 12800
      World Bounds: IsValid=false, Min=(X=0.000 Y=0.000 Z=0.000), Max=(X=0.000 Y=0.000 Z=0.000)
     Loading Range: 25600.00
Block Slow Loading: No
 ClientOnlyVisible: No

[+] Grid Levels: 1
 |- Level  0: Cell Count    0 | Cell Size   12800 | Actor Count    0 (0.0%)

[+] Content of Grid Level 0

